<?xml version="1.0" encoding="UTF-8"?>
<!-- Generated by org.testng.reporters.JUnitXMLReporter -->
<testsuite ignored="0" hostname="LAPTOP-1PFS2TT4" failures="0" tests="3" name="Test2" time="49.814" errors="0" timestamp="2025-03-17T13:42:55 IST">
  <testcase classname="testpackage.ContactTest" name="createContact" time="13.975"/>
  <testcase classname="testpackage.ContactTest" name="createContact" time="0.0">
    <skipped/>
  </testcase> <!-- createContact -->
  <testcase classname="testpackage.ContactTest" name="createContact" time="0.0">
    <skipped/>
  </testcase> <!-- createContact -->
</testsuite> <!-- Test2 -->
