<?xml version="1.0" encoding="UTF-8"?>
<!-- Generated by org.testng.reporters.JUnitXMLReporter -->
<testsuite ignored="0" hostname="LAPTOP-1PFS2TT4" failures="0" tests="3" name="Test3" time="78.446" errors="0" timestamp="2025-03-17T13:43:24 IST">
  <testcase classname="testpackage.ContactTest" name="createContact" time="18.156"/>
  <testcase classname="testpackage.ContactTest" name="createContact" time="17.478"/>
  <testcase classname="testpackage.ContactTest" name="createContact" time="15.381"/>
</testsuite> <!-- Test3 -->
