<?xml version="1.0" encoding="UTF-8"?>
<!-- Generated by org.testng.reporters.JUnitXMLReporter -->
<testsuite ignored="0" hostname="LAPTOP-1PFS2TT4" failures="0" tests="9" name="smokeTest" time="139.529" errors="0" timestamp="2025-03-17T13:12:29 IST">
  <testcase classname="testpackage.OrganizationTest" name="createOrganization" time="8.756"/>
  <testcase classname="testpackage.AtrributeTest" name="moveToContacts" time="7.466"/>
  <testcase classname="testpackage.AtrributeTest" name="moveToLeadsPage" time="9.283"/>
  <testcase classname="testpackage.AtrributeTest" name="moveToOrganization" time="3.741"/>
  <testcase classname="testpackage.ContactTest" name="createContact" time="11.29"/>
  <testcase classname="testpackage.ContactTest" name="createContact" time="10.664"/>
  <testcase classname="testpackage.ContactTest" name="createContact" time="12.972"/>
  <testcase classname="testpackage.VerificationClass" name="verify" time="0.001"/>
  <testcase classname="testpackage.AtrributeTest" name="moveToCalenderPage" time="4.736"/>
</testsuite> <!-- smokeTest -->
