<?xml version="1.0" encoding="UTF-8"?>
<!-- Generated by org.testng.reporters.JUnitXMLReporter -->
<testsuite ignored="0" hostname="LAPTOP-1PFS2TT4" failures="0" tests="3" name="ContactTest" time="60.626" errors="0" timestamp="2025-03-14T14:08:00 IST">
  <testcase classname="testpackage.ContactTest" name="createContact" time="13.562"/>
  <testcase classname="testpackage.ContactTest" name="createContact" time="13.61"/>
  <testcase classname="testpackage.ContactTest" name="createContact" time="13.948"/>
</testsuite> <!-- ContactTest -->
