<?xml version="1.0" encoding="UTF-8"?>
<!-- Generated by org.testng.reporters.JUnitXMLReporter -->
<testsuite ignored="0" hostname="LAPTOP-1PFS2TT4" failures="0" tests="3" name="Test5" time="66.603" errors="0" timestamp="2025-03-13T12:56:26 IST">
  <testcase classname="testpackage.LeadTest" name="createlead" time="18.461"/>
  <testcase classname="testpackage.ScenarioTest2" name="TestCase3" time="0.003"/>
  <testcase classname="testpackage.ScenarioTest2" name="TestCase4" time="0.002"/>
</testsuite> <!-- Test5 -->
