<?xml version="1.0" encoding="UTF-8"?>
<testng-results ignored="0" total="1" passed="1" failed="0" skipped="0">
  <reporter-output>
    <line>
      <![CDATA[--------Execution started-------]]>
    </line>
    <line>
      <![CDATA[createCalender testcase execution started]]>
    </line>
  </reporter-output>
  <suite started-at="2025-03-17T18:11:36 IST" name="CalenderSuite" finished-at="2025-03-17T18:11:55 IST" duration-ms="18847">
    <groups>
    </groups>
    <test started-at="2025-03-17T18:11:36 IST" name="Test" finished-at="2025-03-17T18:11:55 IST" duration-ms="18847">
      <class name="testpackage.CalendarTest">
        <test-method is-config="true" signature="login(java.lang.String)[pri:0, instance:testpackage.CalendarTest@d737b89]" started-at="2025-03-17T18:11:37 IST" name="login" finished-at="2025-03-17T18:11:42 IST" duration-ms="5209" status="PASS">
          <params>
            <param index="0">
              <value>
                <![CDATA[edge]]>
              </value>
            </param>
          </params>
          <reporter-output>
          </reporter-output>
        </test-method> <!-- login -->
        <test-method signature="createCalender()[pri:0, instance:testpackage.CalendarTest@d737b89]" started-at="2025-03-17T18:11:42 IST" name="createCalender" finished-at="2025-03-17T18:11:52 IST" duration-ms="10387" status="PASS">
          <reporter-output>
            <line>
              <![CDATA[createCalender testcase execution started]]>
            </line>
          </reporter-output>
        </test-method> <!-- createCalender -->
        <test-method is-config="true" signature="logout()[pri:0, instance:testpackage.CalendarTest@d737b89]" started-at="2025-03-17T18:11:52 IST" name="logout" finished-at="2025-03-17T18:11:55 IST" duration-ms="2952" status="PASS">
          <reporter-output>
          </reporter-output>
        </test-method> <!-- logout -->
      </class> <!-- testpackage.CalendarTest -->
    </test> <!-- Test -->
  </suite> <!-- CalenderSuite -->
</testng-results>
