<?xml version="1.0" encoding="UTF-8"?>
<!-- Generated by org.testng.reporters.JUnitXMLReporter -->
<testsuite ignored="0" hostname="LAPTOP-1PFS2TT4" failures="0" tests="4" name="Test2" time="81.718" errors="0" timestamp="2025-03-17T13:24:48 IST">
  <testcase classname="testpackage.AtrributeTest" name="moveToContacts" time="9.658"/>
  <testcase classname="testpackage.AtrributeTest" name="moveToLeadsPage" time="10.493"/>
  <testcase classname="testpackage.AtrributeTest" name="moveToOrganization" time="8.859"/>
  <testcase classname="testpackage.AtrributeTest" name="moveToCalenderPage" time="9.7"/>
</testsuite> <!-- Test2 -->
