<?xml version="1.0" encoding="UTF-8"?>
<!-- Generated by org.testng.reporters.JUnitXMLReporter -->
<testsuite ignored="0" hostname="LAPTOP-1PFS2TT4" failures="0" tests="3" name="Test5" time="63.079" errors="0" timestamp="2025-03-17T13:24:30 IST">
  <testcase classname="testpackage.LeadTest" name="createlead" time="16.641"/>
  <testcase classname="testpackage.ScenarioTest2" name="TestCase3" time="0.001"/>
  <testcase classname="testpackage.ScenarioTest2" name="TestCase4" time="0.002"/>
</testsuite> <!-- Test5 -->
