<?xml version="1.0" encoding="UTF-8"?>
<!-- Generated by org.testng.reporters.JUnitXMLReporter -->
<testsuite ignored="0" hostname="LAPTOP-1PFS2TT4" failures="0" tests="3" name="Test1" time="85.327" errors="0" timestamp="2025-03-17T13:24:52 IST">
  <testcase classname="testpackage.ContactTest" name="createContact" time="21.389"/>
  <testcase classname="testpackage.ContactTest" name="createContact" time="15.724"/>
  <testcase classname="testpackage.ContactTest" name="createContact" time="17.172"/>
</testsuite> <!-- Test1 -->
